node:fs:448
    return binding.readFileUtf8(path, stringToFlags(options.flag));
                   ^

Error: ENOENT: no such file or directory, open '/nora-v1/data/languages/all-languages.json'
    at Object.readFileSync (node:fs:448:20)
    at new LanguageCore (/nora-v1/core/language/language-core.js:7:20)
    at Object.<anonymous> (/nora-v1/core/language/language-core.js:16:18)
    at Module._compile (node:internal/modules/cjs/loader:1521:14)
    at Module._extensions..js (node:internal/modules/cjs/loader:1623:10)
    at Module.load (node:internal/modules/cjs/loader:1266:32)
    at Module._load (node:internal/modules/cjs/loader:1091:12)
    at Module.require (node:internal/modules/cjs/loader:1289:19)
    at require (node:internal/modules/helpers:182:18)
    at Object.<anonymous> (/nora-v1/core/empire/empire-registry.js:8:22) {
  errno: -2,
  code: 'ENOENT',
  syscall: 'open',
  path: '/nora-v1/data/languages/all-languages.json'
}

Node.js v20.20.2
