{"timestamp":"2026-04-23T11:00:57.245Z","type":"cycle","data":{"step":"selfcheck","state":{"largeFiles":["/nora-v3/large-test.txt"],"missingFiles":[],"errors":[],"incompleteStructures":[]}}}
{"timestamp":"2026-04-23T11:00:57.246Z","type":"cycle","data":{"step":"reasoning","analysis":[{"type":"split_large_files","files":["/nora-v3/large-test.txt"]}]}}
{"timestamp":"2026-04-23T11:00:57.246Z","type":"cycle","data":{"step":"decision","decision":{"action":"split_large_files","files":["/nora-v3/large-test.txt"]}}}
{"timestamp":"2026-04-23T11:00:57.254Z","type":"action","data":{"status":"done","results":[{"file":"/nora-v3/large-test.txt","parts":["/nora-v3/large-test.txt.part0","/nora-v3/large-test.txt.part1"]}]}}
{"timestamp":"2026-04-23T11:04:48.571Z","type":"cycle","data":{"step":"selfcheck","state":{"largeFiles":["/nora-v3/large-test.txt"],"missingFiles":[],"errors":[],"incompleteStructures":[]}}}
{"timestamp":"2026-04-23T11:04:48.572Z","type":"cycle","data":{"step":"reasoning","analysis":[{"type":"split_large_files","files":["/nora-v3/large-test.txt"]}]}}
{"timestamp":"2026-04-23T11:04:48.572Z","type":"cycle","data":{"step":"decision","decision":{"action":"split_large_files","files":["/nora-v3/large-test.txt"]}}}
{"timestamp":"2026-04-23T11:04:48.581Z","type":"action","data":{"status":"done","results":[{"file":"/nora-v3/large-test.txt","parts":["/nora-v3/large-test.txt.part0","/nora-v3/large-test.txt.part1"]}]}}
{"timestamp":"2026-04-23T11:06:11.771Z","type":"cycle","data":{"step":"selfcheck","state":{"largeFiles":["/nora-v3/large-test.txt"],"missingFiles":[],"errors":[],"incompleteStructures":[]}}}
{"timestamp":"2026-04-23T11:06:11.772Z","type":"cycle","data":{"step":"reasoning","analysis":[{"type":"split_large_files","files":["/nora-v3/large-test.txt"]}]}}
{"timestamp":"2026-04-23T11:06:11.772Z","type":"cycle","data":{"step":"decision","decision":{"action":"split_large_files","files":["/nora-v3/large-test.txt"]}}}
{"timestamp":"2026-04-23T11:06:11.781Z","type":"action","data":{"status":"done","results":[{"file":"/nora-v3/large-test.txt","parts":["/nora-v3/large-test.txt.part0","/nora-v3/large-test.txt.part1"]}]}}
{"timestamp":"2026-04-23T11:08:40.833Z","type":"cycle","data":{"step":"selfcheck","state":{"largeFiles":["/nora-v3/large-test.txt"],"missingFiles":[],"corruptedFiles":[{"file":"/nora-v3/broken-file.txt","reason":"Corrupted signature detected"}],"errors":[],"incompleteStructures":[]}}}
{"timestamp":"2026-04-23T11:08:40.834Z","type":"cycle","data":{"step":"reasoning","analysis":[{"type":"split_large_files","files":["/nora-v3/large-test.txt"]}]}}
{"timestamp":"2026-04-23T11:08:40.834Z","type":"cycle","data":{"step":"decision","decision":{"action":"split_large_files","files":["/nora-v3/large-test.txt"]}}}
{"timestamp":"2026-04-23T11:08:40.843Z","type":"action","data":{"status":"done","results":[{"file":"/nora-v3/large-test.txt","parts":["/nora-v3/large-test.txt.part0","/nora-v3/large-test.txt.part1"]}]}}
{"timestamp":"2026-04-23T11:12:42.984Z","type":"cycle","data":{"step":"selfcheck","state":{"largeFiles":["/nora-v3/large-test.txt"],"missingFiles":[],"corruptedFiles":[{"file":"/nora-v3/broken-file.txt","reason":"Corrupted signature detected"}],"errors":[],"incompleteStructures":[]}}}
{"timestamp":"2026-04-23T11:12:42.985Z","type":"cycle","data":{"step":"reasoning","analysis":[{"type":"handle_corrupted_files","files":["/nora-v3/broken-file.txt"],"reasons":["Corrupted signature detected"]},{"type":"split_large_files","files":["/nora-v3/large-test.txt"]}]}}
{"timestamp":"2026-04-23T11:12:42.985Z","type":"cycle","data":{"step":"decision","decision":{"action":"split_large_files","files":["/nora-v3/large-test.txt"]}}}
{"timestamp":"2026-04-23T11:12:42.994Z","type":"action","data":{"status":"done","results":[{"file":"/nora-v3/large-test.txt","parts":["/nora-v3/large-test.txt.part0","/nora-v3/large-test.txt.part1"]}]}}
{"timestamp":"2026-04-23T11:17:57.034Z","type":"error","data":{"timestamp":1776943077034,"type":"unknown","message":"importantFiles is not iterable","stack":"TypeError: importantFiles is not iterable\n    at SelfCheckEngine.scan (/nora-v3/core/selfcheck/selfcheck-engine.js:21:24)\n    at NoraBrain.cycle (/nora-v3/brain.js:23:31)\n    at /nora-v3/test-brain.js:10:30\n    at Object.<anonymous> (/nora-v3/test-brain.js:26:3)\n    at Module._compile (node:internal/modules/cjs/loader:1521:14)\n    at Module._extensions..js (node:internal/modules/cjs/loader:1623:10)\n    at Module.load (node:internal/modules/cjs/loader:1266:32)\n    at Module._load (node:internal/modules/cjs/loader:1091:12)\n    at Function.executeUserEntryPoint [as runMain] (node:internal/modules/run_main:164:12)\n    at node:internal/main/run_main_module:28:49"}}
{"timestamp":"2026-04-23T11:17:57.036Z","type":"error","data":{"timestamp":1776943077034,"type":"unknown","message":"importantFiles is not iterable","stack":"TypeError: importantFiles is not iterable\n    at SelfCheckEngine.scan (/nora-v3/core/selfcheck/selfcheck-engine.js:21:24)\n    at NoraBrain.cycle (/nora-v3/brain.js:23:31)\n    at /nora-v3/test-brain.js:10:30\n    at Object.<anonymous> (/nora-v3/test-brain.js:26:3)\n    at Module._compile (node:internal/modules/cjs/loader:1521:14)\n    at Module._extensions..js (node:internal/modules/cjs/loader:1623:10)\n    at Module.load (node:internal/modules/cjs/loader:1266:32)\n    at Module._load (node:internal/modules/cjs/loader:1091:12)\n    at Function.executeUserEntryPoint [as runMain] (node:internal/modules/run_main:164:12)\n    at node:internal/main/run_main_module:28:49"}}
{"timestamp":"2026-04-23T11:21:49.655Z","type":"cycle","data":{"step":"selfcheck","state":{"largeFiles":[],"missingFiles":[],"corruptedFiles":[],"errors":[],"incompleteStructures":[]}}}
{"timestamp":"2026-04-23T11:21:49.656Z","type":"cycle","data":{"step":"reasoning","analysis":[{"type":"idle","message":"No action required"}]}}
{"timestamp":"2026-04-23T11:21:49.657Z","type":"cycle","data":{"step":"decision","decision":{"action":"none","reason":"no_valid_action"}}}
{"timestamp":"2026-04-23T11:21:49.657Z","type":"action","data":{"status":"unknown_action","decision":{"action":"none","reason":"no_valid_action"}}}
{"timestamp":"2026-04-23T11:26:25.968Z","type":"cycle","data":{"step":"selfcheck","state":{"largeFiles":[],"missingFiles":[],"corruptedFiles":[],"errors":[],"incompleteStructures":[]}}}
{"timestamp":"2026-04-23T11:26:25.970Z","type":"cycle","data":{"step":"reasoning","analysis":[{"type":"idle","message":"No action required"}]}}
{"timestamp":"2026-04-23T11:26:25.970Z","type":"cycle","data":{"step":"decision","decision":{"action":"none","reason":"no_valid_action"}}}
{"timestamp":"2026-04-23T11:26:25.971Z","type":"action","data":{"status":"unknown_action","decision":{"action":"none","reason":"no_valid_action"}}}
{"timestamp":"2026-04-23T11:36:27.196Z","type":"cycle","data":{"step":"selfcheck","state":{"largeFiles":[],"missingFiles":[],"corruptedFiles":[],"errors":[],"incompleteStructures":[]}}}
{"timestamp":"2026-04-23T11:36:27.197Z","type":"cycle","data":{"step":"reasoning","analysis":[{"type":"idle","message":"No action required"}]}}
{"timestamp":"2026-04-23T11:36:27.197Z","type":"cycle","data":{"step":"decision","decision":{"action":"none","reason":"no_valid_action"}}}
{"timestamp":"2026-04-23T11:36:27.198Z","type":"action","data":{"status":"unknown_action","decision":{"action":"none","reason":"no_valid_action"}}}
{"timestamp":"2026-04-23T11:37:55.571Z","type":"cycle","data":{"step":"selfcheck","state":{"largeFiles":[],"missingFiles":[],"corruptedFiles":[],"errors":[],"incompleteStructures":[]}}}
{"timestamp":"2026-04-23T11:37:55.573Z","type":"cycle","data":{"step":"reasoning","analysis":[{"type":"idle","message":"No action required"}]}}
{"timestamp":"2026-04-23T11:37:55.573Z","type":"cycle","data":{"step":"decision","decision":{"action":"none","reason":"no_valid_action"}}}
{"timestamp":"2026-04-23T11:37:55.574Z","type":"action","data":{"status":"unknown_action","decision":{"action":"none","reason":"no_valid_action"}}}
{"timestamp":"2026-04-23T11:41:57.521Z","type":"cycle","data":{"step":"selfcheck","state":{"largeFiles":[],"missingFiles":[],"corruptedFiles":[],"errors":[],"incompleteStructures":[]}}}
{"timestamp":"2026-04-23T11:41:57.522Z","type":"cycle","data":{"step":"reasoning","analysis":[{"type":"idle","message":"No action required"}]}}
{"timestamp":"2026-04-23T11:41:57.522Z","type":"cycle","data":{"step":"decision","decision":{"action":"none","reason":"no_valid_action"}}}
{"timestamp":"2026-04-23T11:41:57.523Z","type":"action","data":{"status":"unknown_action","decision":{"action":"none","reason":"no_valid_action"}}}
{"timestamp":"2026-04-23T11:43:59.598Z","type":"cycle","data":{"step":"selfcheck","state":{"largeFiles":[],"missingFiles":[],"corruptedFiles":[],"errors":[],"incompleteStructures":[]}}}
{"timestamp":"2026-04-23T11:43:59.599Z","type":"cycle","data":{"step":"reasoning","analysis":[{"type":"idle","message":"No action required"}]}}
{"timestamp":"2026-04-23T11:43:59.599Z","type":"cycle","data":{"step":"decision","decision":{"action":"none","reason":"no_valid_action"}}}
{"timestamp":"2026-04-23T11:43:59.600Z","type":"action","data":{"status":"unknown_action","decision":{"action":"none","reason":"no_valid_action"}}}
{"timestamp":"2026-04-23T11:45:52.420Z","type":"cycle","data":{"step":"selfcheck","state":{"largeFiles":[],"missingFiles":[],"corruptedFiles":[],"errors":[],"incompleteStructures":[]}}}
{"timestamp":"2026-04-23T11:45:52.422Z","type":"cycle","data":{"step":"reasoning","analysis":[{"type":"idle","message":"No action required"}]}}
{"timestamp":"2026-04-23T11:45:52.422Z","type":"cycle","data":{"step":"decision","decision":{"action":"none","reason":"no_valid_action"}}}
{"timestamp":"2026-04-23T11:45:52.423Z","type":"action","data":{"status":"unknown_action","decision":{"action":"none","reason":"no_valid_action"}}}
{"timestamp":"2026-04-23T11:53:57.083Z","type":"cycle","data":{"step":"selfcheck","state":{"largeFiles":[],"missingFiles":[],"corruptedFiles":[],"errors":[],"incompleteStructures":[]}}}
{"timestamp":"2026-04-23T11:53:57.085Z","type":"cycle","data":{"step":"reasoning","analysis":[{"type":"idle","message":"No action required"}]}}
{"timestamp":"2026-04-23T11:53:57.085Z","type":"cycle","data":{"step":"decision","decision":{"action":"none","reason":"no_valid_action"}}}
{"timestamp":"2026-04-23T11:53:57.086Z","type":"action","data":{"status":"unknown_action","decision":{"action":"none","reason":"no_valid_action"}}}
{"timestamp":"2026-04-23T11:58:21.608Z","type":"cycle","data":{"step":"selfcheck","state":{"largeFiles":[],"missingFiles":[],"corruptedFiles":[],"errors":[],"incompleteStructures":[]}}}
{"timestamp":"2026-04-23T11:58:21.609Z","type":"cycle","data":{"step":"reasoning","analysis":[{"type":"idle","message":"No action required"}]}}
{"timestamp":"2026-04-23T11:58:21.610Z","type":"cycle","data":{"step":"decision","decision":{"action":"none","reason":"no_valid_action"}}}
{"timestamp":"2026-04-23T11:58:21.610Z","type":"action","data":{"status":"unknown_action","decision":{"action":"none","reason":"no_valid_action"}}}
{"timestamp":"2026-04-23T12:05:25.180Z","type":"cycle","data":{"step":"selfcheck","state":{"largeFiles":[],"missingFiles":[],"corruptedFiles":[],"errors":[],"incompleteStructures":[]}}}
{"timestamp":"2026-04-23T12:05:25.182Z","type":"cycle","data":{"step":"reasoning","analysis":[{"type":"idle","message":"No action required"}]}}
{"timestamp":"2026-04-23T12:05:25.182Z","type":"cycle","data":{"step":"decision","decision":{"action":"none","reason":"no_valid_action"}}}
{"timestamp":"2026-04-23T12:05:25.183Z","type":"action","data":{"status":"unknown_action","decision":{"action":"none","reason":"no_valid_action"}}}
{"timestamp":"2026-04-23T12:06:36.767Z","type":"cycle","data":{"step":"selfcheck","state":{"largeFiles":[],"missingFiles":[],"corruptedFiles":[],"errors":[],"incompleteStructures":[]}}}
{"timestamp":"2026-04-23T12:06:36.769Z","type":"cycle","data":{"step":"reasoning","analysis":[{"type":"idle","message":"No action required"}]}}
{"timestamp":"2026-04-23T12:06:36.769Z","type":"cycle","data":{"step":"decision","decision":{"action":"none","reason":"no_valid_action"}}}
{"timestamp":"2026-04-23T12:06:36.770Z","type":"action","data":{"status":"unknown_action","decision":{"action":"none","reason":"no_valid_action"}}}
{"timestamp":"2026-04-23T12:07:05.694Z","type":"cycle","data":{"step":"selfcheck","state":{"largeFiles":[],"missingFiles":[],"corruptedFiles":[],"errors":[],"incompleteStructures":[]}}}
{"timestamp":"2026-04-23T12:07:05.695Z","type":"cycle","data":{"step":"reasoning","analysis":[{"type":"idle","message":"No action required"}]}}
{"timestamp":"2026-04-23T12:07:05.695Z","type":"cycle","data":{"step":"decision","decision":{"action":"none","reason":"no_valid_action"}}}
{"timestamp":"2026-04-23T12:07:05.696Z","type":"action","data":{"status":"unknown_action","decision":{"action":"none","reason":"no_valid_action"}}}
{"timestamp":"2026-04-23T12:09:23.859Z","type":"cycle","data":{"step":"selfcheck","state":{"largeFiles":[],"missingFiles":[],"corruptedFiles":[{"file":"/nora-v3/broken-file.txt","reason":"Corrupted signature detected"}],"errors":[],"incompleteStructures":[]}}}
{"timestamp":"2026-04-23T12:09:23.861Z","type":"cycle","data":{"step":"reasoning","analysis":[{"type":"handle_corrupted_files","files":["/nora-v3/broken-file.txt"],"reasons":["Corrupted signature detected"]}]}}
{"timestamp":"2026-04-23T12:09:23.861Z","type":"cycle","data":{"step":"decision","decision":{"action":"none","reason":"no_valid_action"}}}
{"timestamp":"2026-04-23T12:09:23.862Z","type":"action","data":{"status":"unknown_action","decision":{"action":"none","reason":"no_valid_action"}}}
{"timestamp":"2026-04-23T12:11:38.997Z","type":"cycle","data":{"step":"selfcheck","state":{"largeFiles":[],"missingFiles":[],"corruptedFiles":[{"file":"/nora-v3/broken-file.txt","reason":"Corrupted signature detected"}],"errors":[],"incompleteStructures":[]}}}
{"timestamp":"2026-04-23T12:11:38.999Z","type":"cycle","data":{"step":"reasoning","analysis":[{"type":"handle_corrupted_files","files":["/nora-v3/broken-file.txt"],"reasons":["Corrupted signature detected"]}]}}
{"timestamp":"2026-04-23T12:11:38.999Z","type":"cycle","data":{"step":"decision","decision":{"action":"handle_corrupted_files","files":["/nora-v3/broken-file.txt"],"reasons":["Corrupted signature detected"],"priority":"high"}}}
{"timestamp":"2026-04-23T12:11:39.000Z","type":"error","data":{"timestamp":1776946298999,"type":"unknown","message":"Corrupted file detected: /nora-v3/broken-file.txt","stack":"Error: Corrupted file detected: /nora-v3/broken-file.txt\n    at ActionEngine.execute (/nora-v3/core/action/action-engine.js:40:21)\n    at NoraBrain.cycle (/nora-v3/brain.js:40:35)\n    at /nora-v3/test-brain.js:13:32\n    at Object.<anonymous> (/nora-v3/test-brain.js:29:3)\n    at Module._compile (node:internal/modules/cjs/loader:1521:14)\n    at Module._extensions..js (node:internal/modules/cjs/loader:1623:10)\n    at Module.load (node:internal/modules/cjs/loader:1266:32)\n    at Module._load (node:internal/modules/cjs/loader:1091:12)\n    at Function.executeUserEntryPoint [as runMain] (node:internal/modules/run_main:164:12)\n    at node:internal/main/run_main_module:28:49"}}
{"timestamp":"2026-04-23T12:11:39.001Z","type":"action","data":{"status":"error","errors":[{"timestamp":1776946298999,"type":"unknown","message":"Corrupted file detected: /nora-v3/broken-file.txt","stack":"Error: Corrupted file detected: /nora-v3/broken-file.txt\n    at ActionEngine.execute (/nora-v3/core/action/action-engine.js:40:21)\n    at NoraBrain.cycle (/nora-v3/brain.js:40:35)\n    at /nora-v3/test-brain.js:13:32\n    at Object.<anonymous> (/nora-v3/test-brain.js:29:3)\n    at Module._compile (node:internal/modules/cjs/loader:1521:14)\n    at Module._extensions..js (node:internal/modules/cjs/loader:1623:10)\n    at Module.load (node:internal/modules/cjs/loader:1266:32)\n    at Module._load (node:internal/modules/cjs/loader:1091:12)\n    at Function.executeUserEntryPoint [as runMain] (node:internal/modules/run_main:164:12)\n    at node:internal/main/run_main_module:28:49"}]}}
{"timestamp":"2026-04-23T12:11:39.002Z","type":"error","data":{"timestamp":1776946299002,"type":"unknown","message":"The \"path\" argument must be of type string or an instance of Buffer or URL. Received undefined","stack":"TypeError [ERR_INVALID_ARG_TYPE]: The \"path\" argument must be of type string or an instance of Buffer or URL. Received undefined\n    at Object.writeFileSync (node:fs:2377:42)\n    at SelfHealingEngine.heal (/nora-v3/core/selfhealing/selfhealing-engine.js:29:12)\n    at NoraBrain.cycle (/nora-v3/brain.js:54:37)\n    at process.processTicksAndRejections (node:internal/process/task_queues:95:5)\n    at async /nora-v3/test-brain.js:13:20"}}
{"timestamp":"2026-04-23T12:14:03.039Z","type":"cycle","data":{"step":"selfcheck","state":{"largeFiles":[],"missingFiles":[],"corruptedFiles":[{"file":"/nora-v3/broken-file.txt","reason":"Corrupted signature detected"}],"errors":[],"incompleteStructures":[]}}}
{"timestamp":"2026-04-23T12:14:03.040Z","type":"cycle","data":{"step":"reasoning","analysis":[{"type":"handle_corrupted_files","files":["/nora-v3/broken-file.txt"],"reasons":["Corrupted signature detected"]}]}}
{"timestamp":"2026-04-23T12:14:03.040Z","type":"cycle","data":{"step":"decision","decision":{"action":"handle_corrupted_files","files":["/nora-v3/broken-file.txt"],"reasons":["Corrupted signature detected"],"priority":"high"}}}
{"timestamp":"2026-04-23T12:14:03.041Z","type":"error","data":{"timestamp":1776946443041,"type":"unknown","message":"Corrupted file detected: /nora-v3/broken-file.txt","stack":"Error: Corrupted file detected: /nora-v3/broken-file.txt\n    at ActionEngine.execute (/nora-v3/core/action/action-engine.js:40:21)\n    at NoraBrain.cycle (/nora-v3/brain.js:40:35)\n    at /nora-v3/test-brain.js:13:32\n    at Object.<anonymous> (/nora-v3/test-brain.js:29:3)\n    at Module._compile (node:internal/modules/cjs/loader:1521:14)\n    at Module._extensions..js (node:internal/modules/cjs/loader:1623:10)\n    at Module.load (node:internal/modules/cjs/loader:1266:32)\n    at Module._load (node:internal/modules/cjs/loader:1091:12)\n    at Function.executeUserEntryPoint [as runMain] (node:internal/modules/run_main:164:12)\n    at node:internal/main/run_main_module:28:49"}}
{"timestamp":"2026-04-23T12:14:03.042Z","type":"action","data":{"status":"error","errors":[{"timestamp":1776946443041,"type":"unknown","message":"Corrupted file detected: /nora-v3/broken-file.txt","stack":"Error: Corrupted file detected: /nora-v3/broken-file.txt\n    at ActionEngine.execute (/nora-v3/core/action/action-engine.js:40:21)\n    at NoraBrain.cycle (/nora-v3/brain.js:40:35)\n    at /nora-v3/test-brain.js:13:32\n    at Object.<anonymous> (/nora-v3/test-brain.js:29:3)\n    at Module._compile (node:internal/modules/cjs/loader:1521:14)\n    at Module._extensions..js (node:internal/modules/cjs/loader:1623:10)\n    at Module.load (node:internal/modules/cjs/loader:1266:32)\n    at Module._load (node:internal/modules/cjs/loader:1091:12)\n    at Function.executeUserEntryPoint [as runMain] (node:internal/modules/run_main:164:12)\n    at node:internal/main/run_main_module:28:49"}]}}
{"timestamp":"2026-04-23T12:14:03.043Z","type":"event","data":{"type":"auto_self_healing","healing":{"status":"healed","files":["/nora-v3/broken-file.txt"]}}}
{"timestamp":"2026-04-23T12:15:59.625Z","type":"cycle","data":{"step":"selfcheck","state":{"largeFiles":[],"missingFiles":[],"corruptedFiles":[],"errors":[],"incompleteStructures":[]}}}
{"timestamp":"2026-04-23T12:15:59.627Z","type":"cycle","data":{"step":"reasoning","analysis":[{"type":"idle","message":"No action required"}]}}
{"timestamp":"2026-04-23T12:15:59.627Z","type":"cycle","data":{"step":"decision","decision":{"action":"none","reason":"idle_state"}}}
{"timestamp":"2026-04-23T12:15:59.628Z","type":"action","data":{"status":"idle","decision":{"action":"none","reason":"idle_state"}}}
{"timestamp":"2026-04-23T12:21:58.163Z","type":"cycle","data":{"step":"selfcheck","state":{"largeFiles":[],"missingFiles":[],"corruptedFiles":[],"errors":[],"incompleteStructures":[]}}}
{"timestamp":"2026-04-23T12:21:58.165Z","type":"cycle","data":{"step":"reasoning","analysis":[{"type":"idle","message":"No action required"}]}}
{"timestamp":"2026-04-23T12:21:58.165Z","type":"cycle","data":{"step":"decision","decision":{"action":"none","reason":"idle_state"}}}
{"timestamp":"2026-04-23T12:21:58.166Z","type":"action","data":{"status":"idle","decision":{"action":"none","reason":"idle_state"}}}
{"timestamp":"2026-04-23T12:26:05.629Z","type":"cycle","data":{"step":"selfcheck","state":{"largeFiles":[],"missingFiles":[],"corruptedFiles":[],"errors":[],"incompleteStructures":[]}}}
{"timestamp":"2026-04-23T12:26:05.631Z","type":"cycle","data":{"step":"reasoning","analysis":[{"type":"idle","message":"No action required"}]}}
{"timestamp":"2026-04-23T12:26:05.631Z","type":"cycle","data":{"step":"decision","decision":{"action":"none","reason":"idle_state"}}}
{"timestamp":"2026-04-23T12:26:05.632Z","type":"action","data":{"status":"idle","decision":{"action":"none","reason":"idle_state"}}}
{"timestamp":"2026-04-23T12:27:49.358Z","type":"cycle","data":{"step":"selfcheck","state":{"largeFiles":[],"missingFiles":[],"corruptedFiles":[],"errors":[],"incompleteStructures":[]}}}
{"timestamp":"2026-04-23T12:27:49.359Z","type":"cycle","data":{"step":"reasoning","analysis":[{"type":"idle","message":"No action required"}]}}
{"timestamp":"2026-04-23T12:27:49.360Z","type":"cycle","data":{"step":"decision","decision":{"action":"none","reason":"idle_state"}}}
{"timestamp":"2026-04-23T12:27:49.361Z","type":"action","data":{"status":"idle","decision":{"action":"none","reason":"idle_state"}}}
{"timestamp":"2026-04-23T12:32:26.336Z","type":"cycle","data":{"step":"selfcheck","state":{"largeFiles":[],"missingFiles":[],"corruptedFiles":[],"errors":[],"incompleteStructures":[]}}}
{"timestamp":"2026-04-23T12:32:26.338Z","type":"cycle","data":{"step":"reasoning","analysis":[{"type":"idle","message":"No action required"}]}}
{"timestamp":"2026-04-23T12:32:26.339Z","type":"cycle","data":{"step":"decision","decision":{"action":"none","reason":"idle_state"}}}
{"timestamp":"2026-04-23T12:32:26.340Z","type":"action","data":{"status":"idle","decision":{"action":"none","reason":"idle_state"}}}
{"timestamp":"2026-04-23T12:36:29.841Z","type":"cycle","data":{"step":"selfcheck","state":{"largeFiles":[],"missingFiles":[],"corruptedFiles":[],"errors":[],"incompleteStructures":[]}}}
{"timestamp":"2026-04-23T12:36:29.842Z","type":"cycle","data":{"step":"reasoning","analysis":[{"type":"idle","message":"No action required"}]}}
{"timestamp":"2026-04-23T12:36:29.843Z","type":"cycle","data":{"step":"decision","decision":{"action":"none","reason":"idle_state"}}}
{"timestamp":"2026-04-23T12:36:29.843Z","type":"action","data":{"status":"idle","decision":{"action":"none","reason":"idle_state"}}}
{"timestamp":"2026-04-23T12:40:20.639Z","type":"cycle","data":{"step":"selfcheck","state":{"largeFiles":[],"missingFiles":[],"corruptedFiles":[],"errors":[],"incompleteStructures":[]}}}
{"timestamp":"2026-04-23T12:40:20.641Z","type":"cycle","data":{"step":"reasoning","analysis":[{"type":"idle","message":"No action required"}]}}
{"timestamp":"2026-04-23T12:40:20.641Z","type":"cycle","data":{"step":"decision","decision":{"action":"none","reason":"idle_state"}}}
{"timestamp":"2026-04-23T12:40:20.642Z","type":"action","data":{"status":"idle","decision":{"action":"none","reason":"idle_state"}}}
{"timestamp":"2026-04-23T12:50:11.447Z","type":"cycle","data":{"step":"selfcheck","state":{"largeFiles":[],"missingFiles":[],"corruptedFiles":[],"errors":[],"incompleteStructures":[]}}}
{"timestamp":"2026-04-23T12:50:11.449Z","type":"cycle","data":{"step":"reasoning","analysis":[{"type":"idle","message":"No action required"}]}}
{"timestamp":"2026-04-23T12:50:11.449Z","type":"cycle","data":{"step":"decision","decision":{"action":"none","reason":"idle_state"}}}
{"timestamp":"2026-04-23T12:50:11.450Z","type":"action","data":{"status":"idle","decision":{"action":"none","reason":"idle_state"}}}
{"timestamp":"2026-04-23T12:52:23.169Z","type":"cycle","data":{"step":"selfcheck","state":{"largeFiles":["/nora-v3/huge-test-file.txt"],"missingFiles":["/nora-v3/rules"],"corruptedFiles":[],"errors":[],"incompleteStructures":[]}}}
{"timestamp":"2026-04-23T12:52:23.171Z","type":"cycle","data":{"step":"reasoning","analysis":[{"type":"rebuild_missing_files","files":["/nora-v3/rules"]},{"type":"split_large_files","files":["/nora-v3/huge-test-file.txt"]}]}}
{"timestamp":"2026-04-23T12:52:23.171Z","type":"cycle","data":{"step":"decision","decision":{"action":"none","reason":"no_valid_action","analysisType":"rebuild_missing_files"}}}
{"timestamp":"2026-04-23T12:52:23.172Z","type":"action","data":{"status":"idle","decision":{"action":"none","reason":"no_valid_action","analysisType":"rebuild_missing_files"}}}
{"timestamp":"2026-04-23T12:57:20.035Z","type":"cycle","data":{"step":"selfcheck","state":{"largeFiles":["/nora-v3/huge-test-file.txt"],"missingFiles":["/nora-v3/rules"],"corruptedFiles":[],"errors":[],"incompleteStructures":[]}}}
{"timestamp":"2026-04-23T12:57:20.036Z","type":"cycle","data":{"step":"reasoning","analysis":[{"type":"rebuild_missing_files","files":["/nora-v3/rules"]},{"type":"split_large_files","files":["/nora-v3/huge-test-file.txt"]}]}}
{"timestamp":"2026-04-23T12:57:20.037Z","type":"cycle","data":{"step":"decision","decision":{"action":"none","reason":"no_valid_action","analysisType":"rebuild_missing_files"}}}
{"timestamp":"2026-04-23T12:57:20.037Z","type":"action","data":{"status":"idle","decision":{"action":"none","reason":"no_valid_action","analysisType":"rebuild_missing_files"}}}
